0 info it worked if it ends with ok
1 verbose cli [ '/usr/local/Cellar/node/6.2.1/bin/node',
1 verbose cli   '/usr/local/bin/npm',
1 verbose cli   'run',
1 verbose cli   'dev' ]
2 info using npm@3.9.3
3 info using node@v6.2.1
4 verbose run-script [ 'predev', 'dev', 'postdev' ]
5 info lifecycle threejs@1.0.0~predev: threejs@1.0.0
6 silly lifecycle threejs@1.0.0~predev: no script for predev, continuing
7 info lifecycle threejs@1.0.0~dev: threejs@1.0.0
8 verbose lifecycle threejs@1.0.0~dev: unsafe-perm in lifecycle true
9 verbose lifecycle threejs@1.0.0~dev: PATH: /usr/local/lib/node_modules/npm/bin/node-gyp-bin:/Users/renren/qiang.tu/ThreejsProject/node_modules/.bin:/usr/local/Cellar/node/6.2.1/bin:/usr/local/bin:/usr/bin:/bin:/usr/sbin:/sbin
10 verbose lifecycle threejs@1.0.0~dev: CWD: /Users/renren/qiang.tu/ThreejsProject
11 silly lifecycle threejs@1.0.0~dev: Args: [ '-c',
11 silly lifecycle   'webpack-dev-server --hot --inline --progress --color --host 0.0.0.0 --port 9001' ]
12 info lifecycle threejs@1.0.0~dev: Failed to exec dev script
13 verbose stack Error: threejs@1.0.0 dev: `webpack-dev-server --hot --inline --progress --color --host 0.0.0.0 --port 9001`
13 verbose stack spawn ENOENT
13 verbose stack     at ChildProcess.<anonymous> (/usr/local/lib/node_modules/npm/lib/utils/spawn.js:17:16)
13 verbose stack     at emitTwo (events.js:106:13)
13 verbose stack     at ChildProcess.emit (events.js:191:7)
13 verbose stack     at maybeClose (internal/child_process.js:852:16)
13 verbose stack     at Process.ChildProcess._handle.onexit (internal/child_process.js:215:5)
14 verbose pkgid threejs@1.0.0
15 verbose cwd /Users/renren/qiang.tu/ThreejsProject
16 error Darwin 15.5.0
17 error argv "/usr/local/Cellar/node/6.2.1/bin/node" "/usr/local/bin/npm" "run" "dev"
18 error node v6.2.1
19 error npm  v3.9.3
20 error file sh
21 error code ELIFECYCLE
22 error errno ENOENT
23 error syscall spawn
24 error threejs@1.0.0 dev: `webpack-dev-server --hot --inline --progress --color --host 0.0.0.0 --port 9001`
24 error spawn ENOENT
25 error Failed at the threejs@1.0.0 dev script 'webpack-dev-server --hot --inline --progress --color --host 0.0.0.0 --port 9001'.
25 error Make sure you have the latest version of node.js and npm installed.
25 error If you do, this is most likely a problem with the threejs package,
25 error not with npm itself.
25 error Tell the author that this fails on your system:
25 error     webpack-dev-server --hot --inline --progress --color --host 0.0.0.0 --port 9001
25 error You can get information on how to open an issue for this project with:
25 error     npm bugs threejs
25 error Or if that isn't available, you can get their info via:
25 error     npm owner ls threejs
25 error There is likely additional logging output above.
26 verbose exit [ 1, true ]
